<?xml version="1.0" encoding="UTF-8"?>
<!-- Generated by org.testng.reporters.JUnitXMLReporter -->
<testsuite ignored="0" hostname="DESKTOP-K95COS7" failures="0" tests="4" name="Default test" time="93.602" errors="0" timestamp="2020-07-14T16:02:54 IST">
  <testcase classname="RetailProject.InvalidDetailsAddProduct" name="invalidProductAdd" time="11.68"/>
  <testcase classname="RetailProject.InvalidDetailsAddProduct" name="invalidProductAdd" time="10.671"/>
  <testcase classname="RetailProject.InvalidDetailsAddProduct" name="invalidProductAdd" time="10.395"/>
  <testcase classname="RetailProject.InvalidDetailsAddProduct" name="invalidProductAdd" time="11.833"/>
</testsuite> <!-- Default test -->
